#-----------------------------------------------------------
# Webtalk v2019.1 (64-bit)
# SW Build 2552052 on Fri May 24 14:47:09 MDT 2019
# 
# Start of session at: Fri Aug 30 18:20:57 2019
# Process ID: 17228
# Current directory: /home/gabriel/Public/zybo_nn/sdk/webtalk
# Command line: wbtcv -mode batch -source sdk_webtalk.tcl
# Log file: /home/gabriel/Public/zybo_nn/sdk/webtalk/webtalk.log
# Journal file: /home/gabriel/Public/zybo_nn/sdk/webtalk/webtalk.jou
#-----------------------------------------------------------
source sdk_webtalk.tcl
# webtalk_init -webtalk_dir /home/gabriel/Public/zybo_nn/sdk/webtalk
# webtalk_register_client -client project
# webtalk_add_data -client project -key date_generated -value "2019-08-30 18:20:55" -context "software_version_and_target_device"
# webtalk_add_data -client project -key product_version -value "SDK v2019.1" -context "software_version_and_target_device"
# webtalk_add_data -client project -key build_version -value "2019.1" -context "software_version_and_target_device"
# webtalk_add_data -client project -key os_platform -value "amd64" -context "software_version_and_target_device"
# webtalk_add_data -client project -key registration_id -value "" -context "software_version_and_target_device"
# webtalk_add_data -client project -key tool_flow -value "SDK" -context "software_version_and_target_device"
# webtalk_add_data -client project -key beta -value "false" -context "software_version_and_target_device"
# webtalk_add_data -client project -key route_design -value "NA" -context "software_version_and_target_device"
# webtalk_add_data -client project -key target_family -value "NA" -context "software_version_and_target_device"
# webtalk_add_data -client project -key target_device -value "NA" -context "software_version_and_target_device"
# webtalk_add_data -client project -key target_package -value "NA" -context "software_version_and_target_device"
# webtalk_add_data -client project -key target_speed -value "NA" -context "software_version_and_target_device"
# webtalk_add_data -client project -key random_id -value "m35m3ava1hsatmdfur4j2e8u12" -context "software_version_and_target_device"
# webtalk_add_data -client project -key project_id -value "2019.1_7" -context "software_version_and_target_device"
# webtalk_add_data -client project -key project_iteration -value "7" -context "software_version_and_target_device"
# webtalk_add_data -client project -key os_name -value "LinuxMint" -context "user_environment"
# webtalk_add_data -client project -key os_release -value "Linux Mint 19.1 Tessa" -context "user_environment"
# webtalk_add_data -client project -key cpu_name -value "Intel(R) Xeon(R) CPU           W3530  @ 2.80GHz" -context "user_environment"
# webtalk_add_data -client project -key cpu_speed -value "1599.971 MHz" -context "user_environment"
# webtalk_add_data -client project -key total_processors -value "1" -context "user_environment"
# webtalk_add_data -client project -key system_ram -value "12,585 GB" -context "user_environment"
# webtalk_register_client -client sdk
# webtalk_add_data -client sdk -key uid -value "1567181379000" -context "sdk\\\\bsp/1567181379000"
# webtalk_add_data -client sdk -key hwid -value "1567165990000" -context "sdk\\\\bsp/1567181379000"
# webtalk_add_data -client sdk -key os -value "standalone" -context "sdk\\\\bsp/1567181379000"
# webtalk_add_data -client sdk -key apptemplate -value "empty_application" -context "sdk\\\\bsp/1567181379000"
# webtalk_add_data -client sdk -key RecordType -value "BSPCreation" -context "sdk\\\\bsp/1567181379000"
# webtalk_add_data -client sdk -key uid -value "1567181381000" -context "sdk\\\\application/1567181381000"
# webtalk_add_data -client sdk -key hwid -value "1567165990000" -context "sdk\\\\application/1567181381000"
# webtalk_add_data -client sdk -key bspid -value "1567181379000" -context "sdk\\\\application/1567181381000"
# webtalk_add_data -client sdk -key newbsp -value "true" -context "sdk\\\\application/1567181381000"
# webtalk_add_data -client sdk -key os -value "standalone" -context "sdk\\\\application/1567181381000"
# webtalk_add_data -client sdk -key apptemplate -value "empty_application" -context "sdk\\\\application/1567181381000"
# webtalk_add_data -client sdk -key RecordType -value "APPCreation" -context "sdk\\\\application/1567181381000"
# webtalk_add_data -client sdk -key LangUsed -value "C" -context "sdk\\\\application/1567181381000"
# webtalk_add_data -client sdk -key Procused -value "ps7_cortexa9" -context "sdk\\\\application/1567181381000"
# webtalk_add_data -client sdk -key uid -value "NA" -context "sdk\\\\bsp/1567182055169"
# webtalk_add_data -client sdk -key RecordType -value "ToolUsage" -context "sdk\\\\bsp/1567182055169"
# webtalk_add_data -client sdk -key BootgenCount -value "0" -context "sdk\\\\bsp/1567182055169"
# webtalk_add_data -client sdk -key DebugCount -value "0" -context "sdk\\\\bsp/1567182055169"
# webtalk_add_data -client sdk -key PerfCount -value "0" -context "sdk\\\\bsp/1567182055169"
# webtalk_add_data -client sdk -key FlashCount -value "0" -context "sdk\\\\bsp/1567182055169"
# webtalk_add_data -client sdk -key CrossTriggCount -value "0" -context "sdk\\\\bsp/1567182055169"
# webtalk_add_data -client sdk -key QemuDebugCount -value "0" -context "sdk\\\\bsp/1567182055169"
# webtalk_transmit -clientid 2113503098 -regid "" -xml /home/gabriel/Public/zybo_nn/sdk/webtalk/usage_statistics_ext_sdk.xml -html /home/gabriel/Public/zybo_nn/sdk/webtalk/usage_statistics_ext_sdk.html -wdm /home/gabriel/Public/zybo_nn/sdk/webtalk/sdk_webtalk.wdm -intro "<H3>SDK Usage Report</H3><BR>"
INFO: [Common 17-186] '/home/gabriel/Public/zybo_nn/sdk/webtalk/usage_statistics_ext_sdk.xml' has been successfully sent to Xilinx on Fri Aug 30 18:21:00 2019. For additional details about this file, please refer to the WebTalk help file at /tools/Xilinx/SDK/2019.1/doc/webtalk_introduction.html.
# webtalk_terminate
INFO: [Common 17-206] Exiting Webtalk at Fri Aug 30 18:21:00 2019...
