#-----------------------------------------------------------
# Webtalk v2019.1 (64-bit)
# SW Build 2552052 on Fri May 24 14:47:09 MDT 2019
# 
# Start of session at: Fri Aug 30 17:11:34 2019
# Process ID: 7653
# Current directory: /home/gabriel/Public/zybo_nn/sdk/webtalk
# Command line: wbtcv -mode batch -source sdk_webtalk.tcl
# Log file: /home/gabriel/Public/zybo_nn/sdk/webtalk/webtalk.log
# Journal file: /home/gabriel/Public/zybo_nn/sdk/webtalk/webtalk.jou
#-----------------------------------------------------------
source sdk_webtalk.tcl
# webtalk_init -webtalk_dir /home/gabriel/Public/zybo_nn/sdk/webtalk
# webtalk_register_client -client project
# webtalk_add_data -client project -key date_generated -value "2019-08-30 17:11:32" -context "software_version_and_target_device"
# webtalk_add_data -client project -key product_version -value "SDK v2019.1" -context "software_version_and_target_device"
# webtalk_add_data -client project -key build_version -value "2019.1" -context "software_version_and_target_device"
# webtalk_add_data -client project -key os_platform -value "amd64" -context "software_version_and_target_device"
# webtalk_add_data -client project -key registration_id -value "" -context "software_version_and_target_device"
# webtalk_add_data -client project -key tool_flow -value "SDK" -context "software_version_and_target_device"
# webtalk_add_data -client project -key beta -value "false" -context "software_version_and_target_device"
# webtalk_add_data -client project -key route_design -value "NA" -context "software_version_and_target_device"
# webtalk_add_data -client project -key target_family -value "NA" -context "software_version_and_target_device"
# webtalk_add_data -client project -key target_device -value "NA" -context "software_version_and_target_device"
# webtalk_add_data -client project -key target_package -value "NA" -context "software_version_and_target_device"
# webtalk_add_data -client project -key target_speed -value "NA" -context "software_version_and_target_device"
# webtalk_add_data -client project -key random_id -value "v6elspqacqmjtd8b5lpbhhnfll" -context "software_version_and_target_device"
# webtalk_add_data -client project -key project_id -value "2019.1_5" -context "software_version_and_target_device"
# webtalk_add_data -client project -key project_iteration -value "5" -context "software_version_and_target_device"
# webtalk_add_data -client project -key os_name -value "LinuxMint" -context "user_environment"
# webtalk_add_data -client project -key os_release -value "Linux Mint 19.1 Tessa" -context "user_environment"
# webtalk_add_data -client project -key cpu_name -value "Intel(R) Xeon(R) CPU           W3530  @ 2.80GHz" -context "user_environment"
# webtalk_add_data -client project -key cpu_speed -value "1616.964 MHz" -context "user_environment"
# webtalk_add_data -client project -key total_processors -value "1" -context "user_environment"
# webtalk_add_data -client project -key system_ram -value "12,585 GB" -context "user_environment"
# webtalk_register_client -client sdk
# webtalk_add_data -client sdk -key uid -value "1567165990000" -context "sdk\\\\hardware/1567165990000"
# webtalk_add_data -client sdk -key isZynq -value "true" -context "sdk\\\\hardware/1567165990000"
# webtalk_add_data -client sdk -key isZynqMP -value "false" -context "sdk\\\\hardware/1567165990000"
# webtalk_add_data -client sdk -key Processors -value "2" -context "sdk\\\\hardware/1567165990000"
# webtalk_add_data -client sdk -key VivadoVersion -value "2019.1" -context "sdk\\\\hardware/1567165990000"
# webtalk_add_data -client sdk -key Arch -value "zynq" -context "sdk\\\\hardware/1567165990000"
# webtalk_add_data -client sdk -key Device -value "7z010" -context "sdk\\\\hardware/1567165990000"
# webtalk_add_data -client sdk -key IsHandoff -value "true" -context "sdk\\\\hardware/1567165990000"
# webtalk_add_data -client sdk -key os -value "NA" -context "sdk\\\\hardware/1567165990000"
# webtalk_add_data -client sdk -key apptemplate -value "NA" -context "sdk\\\\hardware/1567165990000"
# webtalk_add_data -client sdk -key RecordType -value "HWCreation" -context "sdk\\\\hardware/1567165990000"
# webtalk_add_data -client sdk -key uid -value "1567166155000" -context "sdk\\\\bsp/1567166155000"
# webtalk_add_data -client sdk -key hwid -value "1567165990000" -context "sdk\\\\bsp/1567166155000"
# webtalk_add_data -client sdk -key os -value "standalone" -context "sdk\\\\bsp/1567166155000"
# webtalk_add_data -client sdk -key apptemplate -value "zynq_fsbl" -context "sdk\\\\bsp/1567166155000"
# webtalk_add_data -client sdk -key RecordType -value "BSPCreation" -context "sdk\\\\bsp/1567166155000"
# webtalk_add_data -client sdk -key uid -value "1567166170000" -context "sdk\\\\application/1567166170000"
# webtalk_add_data -client sdk -key hwid -value "1567165990000" -context "sdk\\\\application/1567166170000"
# webtalk_add_data -client sdk -key bspid -value "1567166155000" -context "sdk\\\\application/1567166170000"
# webtalk_add_data -client sdk -key newbsp -value "true" -context "sdk\\\\application/1567166170000"
# webtalk_add_data -client sdk -key os -value "standalone" -context "sdk\\\\application/1567166170000"
# webtalk_add_data -client sdk -key apptemplate -value "zynq_fsbl" -context "sdk\\\\application/1567166170000"
# webtalk_add_data -client sdk -key RecordType -value "APPCreation" -context "sdk\\\\application/1567166170000"
# webtalk_add_data -client sdk -key LangUsed -value "C" -context "sdk\\\\application/1567166170000"
# webtalk_add_data -client sdk -key Procused -value "ps7_cortexa9" -context "sdk\\\\application/1567166170000"
# webtalk_add_data -client sdk -key projSize -value "716.328125" -context "sdk\\\\application/1567166170000"
# webtalk_add_data -client sdk -key uid -value "1567166387000" -context "sdk\\\\bsp/1567166387000"
# webtalk_add_data -client sdk -key hwid -value "1567165990000" -context "sdk\\\\bsp/1567166387000"
# webtalk_add_data -client sdk -key os -value "standalone" -context "sdk\\\\bsp/1567166387000"
# webtalk_add_data -client sdk -key apptemplate -value "hello_world" -context "sdk\\\\bsp/1567166387000"
# webtalk_add_data -client sdk -key RecordType -value "BSPCreation" -context "sdk\\\\bsp/1567166387000"
# webtalk_add_data -client sdk -key uid -value "1567166388000" -context "sdk\\\\application/1567166388000"
# webtalk_add_data -client sdk -key hwid -value "1567165990000" -context "sdk\\\\application/1567166388000"
# webtalk_add_data -client sdk -key bspid -value "1567166387000" -context "sdk\\\\application/1567166388000"
# webtalk_add_data -client sdk -key newbsp -value "true" -context "sdk\\\\application/1567166388000"
# webtalk_add_data -client sdk -key os -value "standalone" -context "sdk\\\\application/1567166388000"
# webtalk_add_data -client sdk -key apptemplate -value "hello_world" -context "sdk\\\\application/1567166388000"
# webtalk_add_data -client sdk -key RecordType -value "APPCreation" -context "sdk\\\\application/1567166388000"
# webtalk_add_data -client sdk -key LangUsed -value "C" -context "sdk\\\\application/1567166388000"
# webtalk_add_data -client sdk -key Procused -value "ps7_cortexa9" -context "sdk\\\\application/1567166388000"
# webtalk_add_data -client sdk -key projSize -value "316.6171875" -context "sdk\\\\application/1567166388000"
# webtalk_add_data -client sdk -key uid -value "NA" -context "sdk\\\\bsp/1567177892614"
# webtalk_add_data -client sdk -key RecordType -value "ToolUsage" -context "sdk\\\\bsp/1567177892614"
# webtalk_add_data -client sdk -key BootgenCount -value "0" -context "sdk\\\\bsp/1567177892614"
# webtalk_add_data -client sdk -key DebugCount -value "4" -context "sdk\\\\bsp/1567177892614"
# webtalk_add_data -client sdk -key PerfCount -value "0" -context "sdk\\\\bsp/1567177892614"
# webtalk_add_data -client sdk -key FlashCount -value "0" -context "sdk\\\\bsp/1567177892614"
# webtalk_add_data -client sdk -key CrossTriggCount -value "0" -context "sdk\\\\bsp/1567177892614"
# webtalk_add_data -client sdk -key QemuDebugCount -value "0" -context "sdk\\\\bsp/1567177892614"
# webtalk_transmit -clientid 426754160 -regid "" -xml /home/gabriel/Public/zybo_nn/sdk/webtalk/usage_statistics_ext_sdk.xml -html /home/gabriel/Public/zybo_nn/sdk/webtalk/usage_statistics_ext_sdk.html -wdm /home/gabriel/Public/zybo_nn/sdk/webtalk/sdk_webtalk.wdm -intro "<H3>SDK Usage Report</H3><BR>"
INFO: [Common 17-186] '/home/gabriel/Public/zybo_nn/sdk/webtalk/usage_statistics_ext_sdk.xml' has been successfully sent to Xilinx on Fri Aug 30 17:11:38 2019. For additional details about this file, please refer to the WebTalk help file at /tools/Xilinx/SDK/2019.1/doc/webtalk_introduction.html.
# webtalk_terminate
INFO: [Common 17-206] Exiting Webtalk at Fri Aug 30 17:11:38 2019...
