#-----------------------------------------------------------
# Vivado v2019.1 (64-bit)
# SW Build 2552052 on Fri May 24 14:47:09 MDT 2019
# IP Build 2548770 on Fri May 24 18:01:18 MDT 2019
# Start of session at: Fri Aug 30 10:06:33 2019
# Process ID: 12819
# Current directory: /home/gabriel/Public/zybo_nn/mycores
# Command line: vivado
# Log file: /home/gabriel/Public/zybo_nn/mycores/vivado.log
# Journal file: /home/gabriel/Public/zybo_nn/mycores/vivado.jou
#-----------------------------------------------------------
start_gui
open_project /home/gabriel/Public/zybo_nn/mycores/managed_ip_project/managed_ip_project.xpr
Scanning sources...
Finished scanning sources
INFO: [IP_Flow 19-234] Refreshing IP repositories
INFO: [IP_Flow 19-1700] Loaded user IP repository '/home/gabriel/Public/zybo_nn/mycores/ip_repo/AXIS_mem_write_1.0'.
INFO: [IP_Flow 19-1700] Loaded user IP repository '/home/gabriel/Public/zybo_nn/mycores/ip_repo/AXIS_mem_read_1.0'.
INFO: [IP_Flow 19-2313] Loaded Vivado IP repository '/tools/Xilinx/Vivado/2019.1/data/ip'.
open_project: Time (s): cpu = 00:00:13 ; elapsed = 00:00:07 . Memory (MB): peak = 6452.996 ; gain = 76.879 ; free physical = 7257 ; free virtual = 11344
ipx::edit_ip_in_project -upgrade true -name AXIS_mem_write_v1_0_project -directory /home/gabriel/Public/zybo_nn/mycores/managed_ip_project/managed_ip_project.tmp/AXIS_mem_write_v1_0_project /home/gabriel/Public/zybo_nn/mycores/ip_repo/AXIS_mem_write_1.0/component.xml
INFO: [IP_Flow 19-234] Refreshing IP repositories
INFO: [IP_Flow 19-1704] No user IP repositories specified
INFO: [IP_Flow 19-2313] Loaded Vivado IP repository '/tools/Xilinx/Vivado/2019.1/data/ip'.
create_project: Time (s): cpu = 00:00:13 ; elapsed = 00:00:05 . Memory (MB): peak = 6492.504 ; gain = 12.008 ; free physical = 7241 ; free virtual = 11328
INFO: [IP_Flow 19-234] Refreshing IP repositories
INFO: [IP_Flow 19-1700] Loaded user IP repository '/home/gabriel/Public/zybo_nn/mycores/ip_repo/AXIS_mem_write_1.0'.
INFO: [IP_Flow 19-1700] Loaded user IP repository '/home/gabriel/Public/zybo_nn/mycores/ip_repo/AXIS_mem_read_1.0'.
INFO: [IP_Flow 19-795] Syncing license key meta-data
WARNING: [filemgmt 56-99] Vivado Synthesis ignores library specification for Verilog or SystemVerilog files. [/home/gabriel/Public/zybo_nn/mycores/ip_repo/AXIS_mem_write_1.0/hdl/AXIS_mem_write_v1_0_S_AXI.v:]
WARNING: [filemgmt 56-99] Vivado Synthesis ignores library specification for Verilog or SystemVerilog files. [/home/gabriel/Public/zybo_nn/mycores/ip_repo/AXIS_mem_write_1.0/hdl/AXIS_mem_write_v1_0_M_AXIS.v:]
WARNING: [filemgmt 56-99] Vivado Synthesis ignores library specification for Verilog or SystemVerilog files. [/home/gabriel/Public/zybo_nn/mycores/ip_repo/AXIS_mem_write_1.0/hdl/AXIS_mem_write_v1_0.v:]
ipx::edit_ip_in_project: Time (s): cpu = 00:00:18 ; elapsed = 00:00:07 . Memory (MB): peak = 6508.414 ; gain = 27.918 ; free physical = 7238 ; free virtual = 11325
update_compile_order -fileset sources_1
close_project
update_ip_catalog -delete_ip user.org:user:AXIS_mem_write:1.0 -repo_path /home/gabriel/Public/zybo_nn/mycores/ip_repo/AXIS_mem_write_1.0
INFO: [IP_Flow 19-1659] Deleted IP 'user.org:user:AXIS_mem_write:1.0' from repository '/home/gabriel/Public/zybo_nn/mycores/ip_repo/AXIS_mem_write_1.0' at /home/gabriel/Public/zybo_nn/mycores/ip_repo/AXIS_mem_write_1.0.
INFO: [IP_Flow 19-725] Reloaded user IP repository '/home/gabriel/Public/zybo_nn/mycores/ip_repo/AXIS_mem_write_1.0'
WARNING: [IP_Flow 19-3899] Cannot get the environment domain name variable for the component vendor name. Setting the vendor name to 'user.org'.
WARNING: [IP_Flow 19-3899] Cannot get the environment domain name variable for the component vendor name. Setting the vendor name to 'user.org'.
WARNING: [IP_Flow 19-3899] Cannot get the environment domain name variable for the component vendor name. Setting the vendor name to 'user.org'.
create_peripheral user.org user AXIS_mem_write 1.0 -dir /home/gabriel/Public/zybo_nn/mycores/ip_repo
add_peripheral_interface S_AXIS -interface_mode slave -axi_type stream [ipx::find_open_core user.org:user:AXIS_mem_write:1.0]
add_peripheral_interface M_AXIS -interface_mode master -axi_type stream [ipx::find_open_core user.org:user:AXIS_mem_write:1.0]
generate_peripheral [ipx::find_open_core user.org:user:AXIS_mem_write:1.0]
write_peripheral [ipx::find_open_core user.org:user:AXIS_mem_write:1.0]
set_property  ip_repo_paths  {/home/gabriel/Public/zybo_nn/mycores/ip_repo/AXIS_mem_write_1.0 /home/gabriel/Public/zybo_nn/mycores/ip_repo/AXIS_mem_write_1.0 /home/gabriel/Public/zybo_nn/mycores/ip_repo/AXIS_mem_read_1.0} [current_project]
update_ip_catalog -rebuild
INFO: [IP_Flow 19-234] Refreshing IP repositories
INFO: [IP_Flow 19-1700] Loaded user IP repository '/home/gabriel/Public/zybo_nn/mycores/ip_repo/AXIS_mem_write_1.0'.
WARNING: [IP_Flow 19-2207] Repository '/home/gabriel/Public/zybo_nn/mycores/ip_repo/AXIS_mem_write_1.0' already exists; ignoring attempt to add it again.
INFO: [IP_Flow 19-1700] Loaded user IP repository '/home/gabriel/Public/zybo_nn/mycores/ip_repo/AXIS_mem_write_1.0'.
INFO: [IP_Flow 19-1700] Loaded user IP repository '/home/gabriel/Public/zybo_nn/mycores/ip_repo/AXIS_mem_read_1.0'.
exit
INFO: [Common 17-206] Exiting Vivado at Fri Aug 30 10:11:46 2019...
