#-----------------------------------------------------------
# Vivado v2019.1 (64-bit)
# SW Build 2552052 on Fri May 24 14:47:09 MDT 2019
# IP Build 2548770 on Fri May 24 18:01:18 MDT 2019
# Start of session at: Thu Aug 29 10:22:16 2019
# Process ID: 9460
# Current directory: /home/gabriel/Public/zybo_nn/mycores
# Command line: vivado
# Log file: /home/gabriel/Public/zybo_nn/mycores/vivado.log
# Journal file: /home/gabriel/Public/zybo_nn/mycores/vivado.jou
#-----------------------------------------------------------
start_gui
WARNING: [Board 49-26] cannot add Board Part digilentinc.com:genesys2:part0:1.1 available at /tools/Xilinx/Vivado/2019.1/data/boards/board_files/genesys2/H/board.xml as part xc7k325tffg900-2 specified in board_part file is either invalid or not available
WARNING: [Board 49-26] cannot add Board Part digilentinc.com:sword:part0:1.0 available at /tools/Xilinx/Vivado/2019.1/data/boards/board_files/sword/C.0/board.xml as part xc7k325tffg900-2 specified in board_part file is either invalid or not available
WARNING: [Board 49-26] cannot add Board Part digilentinc.com:genesys2:part0:1.1 available at /tools/Xilinx/Vivado/2019.1/data/boards/board_files/genesys2/H/board.xml as part xc7k325tffg900-2 specified in board_part file is either invalid or not available
WARNING: [Board 49-26] cannot add Board Part digilentinc.com:sword:part0:1.0 available at /tools/Xilinx/Vivado/2019.1/data/boards/board_files/sword/C.0/board.xml as part xc7k325tffg900-2 specified in board_part file is either invalid or not available
WARNING: [Board 49-26] cannot add Board Part digilentinc.com:genesys2:part0:1.1 available at /tools/Xilinx/Vivado/2019.1/data/boards/board_files/genesys2/H/board.xml as part xc7k325tffg900-2 specified in board_part file is either invalid or not available
WARNING: [Board 49-26] cannot add Board Part digilentinc.com:sword:part0:1.0 available at /tools/Xilinx/Vivado/2019.1/data/boards/board_files/sword/C.0/board.xml as part xc7k325tffg900-2 specified in board_part file is either invalid or not available
WARNING: [Board 49-26] cannot add Board Part digilentinc.com:genesys2:part0:1.1 available at /tools/Xilinx/Vivado/2019.1/data/boards/board_files/genesys2/H/board.xml as part xc7k325tffg900-2 specified in board_part file is either invalid or not available
WARNING: [Board 49-26] cannot add Board Part digilentinc.com:sword:part0:1.0 available at /tools/Xilinx/Vivado/2019.1/data/boards/board_files/sword/C.0/board.xml as part xc7k325tffg900-2 specified in board_part file is either invalid or not available
WARNING: [Board 49-26] cannot add Board Part digilentinc.com:genesys2:part0:1.1 available at /tools/Xilinx/Vivado/2019.1/data/boards/board_files/genesys2/H/board.xml as part xc7k325tffg900-2 specified in board_part file is either invalid or not available
WARNING: [Board 49-26] cannot add Board Part digilentinc.com:sword:part0:1.0 available at /tools/Xilinx/Vivado/2019.1/data/boards/board_files/sword/C.0/board.xml as part xc7k325tffg900-2 specified in board_part file is either invalid or not available
WARNING: [Board 49-26] cannot add Board Part digilentinc.com:genesys2:part0:1.1 available at /tools/Xilinx/Vivado/2019.1/data/boards/board_files/genesys2/H/board.xml as part xc7k325tffg900-2 specified in board_part file is either invalid or not available
WARNING: [Board 49-26] cannot add Board Part digilentinc.com:sword:part0:1.0 available at /tools/Xilinx/Vivado/2019.1/data/boards/board_files/sword/C.0/board.xml as part xc7k325tffg900-2 specified in board_part file is either invalid or not available
create_project managed_ip_project /home/gabriel/Public/zybo_nn/mycores/managed_ip_project -part xc7z010clg400-1 -ip
INFO: [IP_Flow 19-234] Refreshing IP repositories
INFO: [IP_Flow 19-1704] No user IP repositories specified
INFO: [IP_Flow 19-2313] Loaded Vivado IP repository '/tools/Xilinx/Vivado/2019.1/data/ip'.
create_project: Time (s): cpu = 00:00:13 ; elapsed = 00:00:07 . Memory (MB): peak = 6450.105 ; gain = 33.020 ; free physical = 8485 ; free virtual = 12518
set_property board_part digilentinc.com:zybo:part0:2.0 [current_project]
set_property target_simulator XSim [current_project]
INFO: [IP_Flow 19-1839] IP Catalog is up to date.
WARNING: [IP_Flow 19-3899] Cannot get the environment domain name variable for the component vendor name. Setting the vendor name to 'user.org'.
WARNING: [IP_Flow 19-3899] Cannot get the environment domain name variable for the component vendor name. Setting the vendor name to 'user.org'.
WARNING: [IP_Flow 19-3899] Cannot get the environment domain name variable for the component vendor name. Setting the vendor name to 'user.org'.
create_peripheral user.org user AXIS_mem_read 1.0 -dir /home/gabriel/Public/zybo_nn/mycores/ip_repo
add_peripheral_interface S_AXIS -interface_mode slave -axi_type stream [ipx::find_open_core user.org:user:AXIS_mem_read:1.0]
add_peripheral_interface M_AXIS -interface_mode master -axi_type stream [ipx::find_open_core user.org:user:AXIS_mem_read:1.0]
generate_peripheral [ipx::find_open_core user.org:user:AXIS_mem_read:1.0]
write_peripheral [ipx::find_open_core user.org:user:AXIS_mem_read:1.0]
set_property  ip_repo_paths  /home/gabriel/Public/zybo_nn/mycores/ip_repo/AXIS_mem_read_1.0 [current_project]
update_ip_catalog -rebuild
INFO: [IP_Flow 19-234] Refreshing IP repositories
INFO: [IP_Flow 19-1700] Loaded user IP repository '/home/gabriel/Public/zybo_nn/mycores/ip_repo/AXIS_mem_read_1.0'.
WARNING: [IP_Flow 19-3899] Cannot get the environment domain name variable for the component vendor name. Setting the vendor name to 'user.org'.
WARNING: [IP_Flow 19-3899] Cannot get the environment domain name variable for the component vendor name. Setting the vendor name to 'user.org'.
WARNING: [IP_Flow 19-3899] Cannot get the environment domain name variable for the component vendor name. Setting the vendor name to 'user.org'.
create_peripheral user.org user AXIS_mem_write 1.0 -dir /home/gabriel/Public/zybo_nn/mycores/ip_repo
add_peripheral_interface S_AXI -interface_mode slave -axi_type stream [ipx::find_open_core user.org:user:AXIS_mem_write:1.0]
add_peripheral_interface M_AXIS -interface_mode master -axi_type stream [ipx::find_open_core user.org:user:AXIS_mem_write:1.0]
generate_peripheral [ipx::find_open_core user.org:user:AXIS_mem_write:1.0]
write_peripheral [ipx::find_open_core user.org:user:AXIS_mem_write:1.0]
set_property  ip_repo_paths  {/home/gabriel/Public/zybo_nn/mycores/ip_repo/AXIS_mem_write_1.0 /home/gabriel/Public/zybo_nn/mycores/ip_repo/AXIS_mem_read_1.0} [current_project]
update_ip_catalog -rebuild
INFO: [IP_Flow 19-234] Refreshing IP repositories
INFO: [IP_Flow 19-1700] Loaded user IP repository '/home/gabriel/Public/zybo_nn/mycores/ip_repo/AXIS_mem_write_1.0'.
INFO: [IP_Flow 19-1700] Loaded user IP repository '/home/gabriel/Public/zybo_nn/mycores/ip_repo/AXIS_mem_read_1.0'.
exit
INFO: [Common 17-206] Exiting Vivado at Thu Aug 29 10:35:01 2019...
