13:52:41 INFO  : Registering command handlers for SDK TCF services
13:52:44 INFO  : Launching XSCT server: xsct -n -interactive /home/gabriel/Public/zybo_nn/sdk/temp_xsdb_launch_script.tcl
13:52:51 INFO  : XSCT server has started successfully.
13:52:51 INFO  : Successfully done setting XSCT server connection channel  
13:53:04 INFO  : Successfully done setting SDK workspace  
13:53:04 INFO  : Processing command line option -hwspec /home/gabriel/Public/zybo_nn/sdk/design_1_wrapper.hdf.
16:02:07 INFO  : Connected to target on host '127.0.0.1' and port '3121'.
16:02:07 INFO  : 'targets -set -filter {jtag_cable_name =~ "Digilent Zybo 210279573416A" && level==0} -index 1' command is executed.
16:02:09 INFO  : FPGA configured successfully with bitstream "/home/gabriel/Public/zybo_nn/sdk/design_1_wrapper_hw_platform_0/design_1_wrapper.bit"
16:02:48 INFO  : 'targets -set -filter {jtag_cable_name =~ "Digilent Zybo 210279573416A" && level==0} -index 1' command is executed.
16:02:48 INFO  : 'fpga -state' command is executed.
16:02:48 INFO  : Connected to target on host '127.0.0.1' and port '3121'.
16:02:48 INFO  : Jtag cable 'Digilent Zybo 210279573416A' is selected.
16:02:48 INFO  : 'jtag frequency' command is executed.
16:02:48 INFO  : Sourcing of '/home/gabriel/Public/zybo_nn/sdk/design_1_wrapper_hw_platform_0/ps7_init.tcl' is done.
16:02:48 INFO  : Context for 'APU' is selected.
16:02:48 INFO  : Hardware design information is loaded from '/home/gabriel/Public/zybo_nn/sdk/design_1_wrapper_hw_platform_0/system.hdf'.
16:02:48 INFO  : 'configparams force-mem-access 1' command is executed.
16:02:48 INFO  : Context for 'APU' is selected.
16:02:49 INFO  : 'stop' command is executed.
16:02:49 INFO  : 'ps7_init' command is executed.
16:02:49 INFO  : 'ps7_post_config' command is executed.
16:02:49 INFO  : Context for processor 'ps7_cortexa9_0' is selected.
16:02:49 INFO  : Processor reset is completed for 'ps7_cortexa9_0'.
16:02:50 INFO  : Context for processor 'ps7_cortexa9_0' is selected.
16:02:50 INFO  : The application '/home/gabriel/Public/zybo_nn/sdk/fsbl/Debug/fsbl.elf' is downloaded to processor 'ps7_cortexa9_0'.
16:02:50 INFO  : 'configparams force-mem-access 0' command is executed.
16:02:50 INFO  : ----------------XSDB Script----------------
connect -url tcp:127.0.0.1:3121
source /home/gabriel/Public/zybo_nn/sdk/design_1_wrapper_hw_platform_0/ps7_init.tcl
targets -set -nocase -filter {name =~"APU*" && jtag_cable_name =~ "Digilent Zybo 210279573416A"} -index 0
loadhw -hw /home/gabriel/Public/zybo_nn/sdk/design_1_wrapper_hw_platform_0/system.hdf -mem-ranges [list {0x40000000 0xbfffffff}]
configparams force-mem-access 1
targets -set -nocase -filter {name =~"APU*" && jtag_cable_name =~ "Digilent Zybo 210279573416A"} -index 0
stop
ps7_init
ps7_post_config
targets -set -nocase -filter {name =~ "ARM*#0" && jtag_cable_name =~ "Digilent Zybo 210279573416A"} -index 0
rst -processor
targets -set -nocase -filter {name =~ "ARM*#0" && jtag_cable_name =~ "Digilent Zybo 210279573416A"} -index 0
dow /home/gabriel/Public/zybo_nn/sdk/fsbl/Debug/fsbl.elf
configparams force-mem-access 0
----------------End of Script----------------

16:02:50 INFO  : Memory regions updated for context APU
16:02:50 INFO  : Context for processor 'ps7_cortexa9_0' is selected.
16:02:50 INFO  : 'con' command is executed.
16:02:50 INFO  : ----------------XSDB Script (After Launch)----------------
targets -set -nocase -filter {name =~ "ARM*#0" && jtag_cable_name =~ "Digilent Zybo 210279573416A"} -index 0
con
----------------End of Script----------------

16:02:50 INFO  : Launch script is exported to file '/home/gabriel/Public/zybo_nn/sdk/.sdk/launch_scripts/xilinx_c-c++_application_(system_debugger)/system_debugger_using_debug_fsbl.elf_on_local.tcl'
16:03:13 INFO  : 'targets -set -filter {jtag_cable_name =~ "Digilent Zybo 210279573416A" && level==0} -index 1' command is executed.
16:03:13 INFO  : 'fpga -state' command is executed.
16:03:13 INFO  : Connected to target on host '127.0.0.1' and port '3121'.
16:03:14 INFO  : Jtag cable 'Digilent Zybo 210279573416A' is selected.
16:03:14 INFO  : 'jtag frequency' command is executed.
16:03:14 INFO  : Sourcing of '/home/gabriel/Public/zybo_nn/sdk/design_1_wrapper_hw_platform_0/ps7_init.tcl' is done.
16:03:14 INFO  : Context for 'APU' is selected.
16:03:14 INFO  : Hardware design information is loaded from '/home/gabriel/Public/zybo_nn/sdk/design_1_wrapper_hw_platform_0/system.hdf'.
16:03:14 INFO  : 'configparams force-mem-access 1' command is executed.
16:03:14 INFO  : Context for 'APU' is selected.
16:03:14 INFO  : 'stop' command is executed.
16:03:14 INFO  : 'ps7_init' command is executed.
16:03:14 INFO  : 'ps7_post_config' command is executed.
16:03:15 INFO  : Context for processor 'ps7_cortexa9_0' is selected.
16:03:15 INFO  : Processor reset is completed for 'ps7_cortexa9_0'.
16:03:15 INFO  : Context for processor 'ps7_cortexa9_0' is selected.
16:03:15 INFO  : The application '/home/gabriel/Public/zybo_nn/sdk/axi_test/Debug/axi_test.elf' is downloaded to processor 'ps7_cortexa9_0'.
16:03:15 INFO  : 'configparams force-mem-access 0' command is executed.
16:03:15 INFO  : ----------------XSDB Script----------------
connect -url tcp:127.0.0.1:3121
source /home/gabriel/Public/zybo_nn/sdk/design_1_wrapper_hw_platform_0/ps7_init.tcl
targets -set -nocase -filter {name =~"APU*" && jtag_cable_name =~ "Digilent Zybo 210279573416A"} -index 0
loadhw -hw /home/gabriel/Public/zybo_nn/sdk/design_1_wrapper_hw_platform_0/system.hdf -mem-ranges [list {0x40000000 0xbfffffff}]
configparams force-mem-access 1
targets -set -nocase -filter {name =~"APU*" && jtag_cable_name =~ "Digilent Zybo 210279573416A"} -index 0
stop
ps7_init
ps7_post_config
targets -set -nocase -filter {name =~ "ARM*#0" && jtag_cable_name =~ "Digilent Zybo 210279573416A"} -index 0
rst -processor
targets -set -nocase -filter {name =~ "ARM*#0" && jtag_cable_name =~ "Digilent Zybo 210279573416A"} -index 0
dow /home/gabriel/Public/zybo_nn/sdk/axi_test/Debug/axi_test.elf
configparams force-mem-access 0
----------------End of Script----------------

16:03:15 INFO  : Memory regions updated for context APU
16:03:15 INFO  : Context for processor 'ps7_cortexa9_0' is selected.
16:03:15 INFO  : 'con' command is executed.
16:03:15 INFO  : ----------------XSDB Script (After Launch)----------------
targets -set -nocase -filter {name =~ "ARM*#0" && jtag_cable_name =~ "Digilent Zybo 210279573416A"} -index 0
con
----------------End of Script----------------

16:03:15 INFO  : Launch script is exported to file '/home/gabriel/Public/zybo_nn/sdk/.sdk/launch_scripts/xilinx_c-c++_application_(system_debugger)/system_debugger_using_debug_axi_test.elf_on_local.tcl'
16:29:30 INFO  : Connected to target on host '127.0.0.1' and port '3121'.
16:29:30 INFO  : 'targets -set -filter {jtag_cable_name =~ "Digilent Zybo 210279573416A" && level==0} -index 1' command is executed.
16:29:31 INFO  : FPGA configured successfully with bitstream "/home/gabriel/Public/zybo_nn/sdk/design_1_wrapper_hw_platform_0/design_1_wrapper.bit"
17:06:49 INFO  : Disconnected from the channel tcfchan#1.
17:06:50 INFO  : 'targets -set -filter {jtag_cable_name =~ "Digilent Zybo 210279573416A" && level==0} -index 1' command is executed.
17:06:50 INFO  : 'fpga -state' command is executed.
17:06:50 INFO  : Connected to target on host '127.0.0.1' and port '3121'.
17:06:50 INFO  : Jtag cable 'Digilent Zybo 210279573416A' is selected.
17:06:50 INFO  : 'jtag frequency' command is executed.
17:06:50 INFO  : Sourcing of '/home/gabriel/Public/zybo_nn/sdk/design_1_wrapper_hw_platform_0/ps7_init.tcl' is done.
17:06:50 INFO  : Context for 'APU' is selected.
17:06:52 INFO  : Hardware design information is loaded from '/home/gabriel/Public/zybo_nn/sdk/design_1_wrapper_hw_platform_0/system.hdf'.
17:06:52 INFO  : 'configparams force-mem-access 1' command is executed.
17:06:53 INFO  : Context for 'APU' is selected.
17:06:53 INFO  : 'stop' command is executed.
17:06:53 INFO  : 'ps7_init' command is executed.
17:06:53 INFO  : 'ps7_post_config' command is executed.
17:06:53 INFO  : Context for processor 'ps7_cortexa9_0' is selected.
17:06:53 INFO  : Processor reset is completed for 'ps7_cortexa9_0'.
17:06:53 INFO  : Context for processor 'ps7_cortexa9_0' is selected.
17:06:54 INFO  : The application '/home/gabriel/Public/zybo_nn/sdk/axi_test/Debug/axi_test.elf' is downloaded to processor 'ps7_cortexa9_0'.
17:06:54 INFO  : 'configparams force-mem-access 0' command is executed.
17:06:54 INFO  : ----------------XSDB Script----------------
connect -url tcp:127.0.0.1:3121
source /home/gabriel/Public/zybo_nn/sdk/design_1_wrapper_hw_platform_0/ps7_init.tcl
targets -set -nocase -filter {name =~"APU*" && jtag_cable_name =~ "Digilent Zybo 210279573416A"} -index 0
loadhw -hw /home/gabriel/Public/zybo_nn/sdk/design_1_wrapper_hw_platform_0/system.hdf -mem-ranges [list {0x40000000 0xbfffffff}]
configparams force-mem-access 1
targets -set -nocase -filter {name =~"APU*" && jtag_cable_name =~ "Digilent Zybo 210279573416A"} -index 0
stop
ps7_init
ps7_post_config
targets -set -nocase -filter {name =~ "ARM*#0" && jtag_cable_name =~ "Digilent Zybo 210279573416A"} -index 0
rst -processor
targets -set -nocase -filter {name =~ "ARM*#0" && jtag_cable_name =~ "Digilent Zybo 210279573416A"} -index 0
dow /home/gabriel/Public/zybo_nn/sdk/axi_test/Debug/axi_test.elf
configparams force-mem-access 0
----------------End of Script----------------

17:06:54 INFO  : Memory regions updated for context APU
17:06:54 INFO  : Context for processor 'ps7_cortexa9_0' is selected.
17:06:54 INFO  : 'con' command is executed.
17:06:54 INFO  : ----------------XSDB Script (After Launch)----------------
targets -set -nocase -filter {name =~ "ARM*#0" && jtag_cable_name =~ "Digilent Zybo 210279573416A"} -index 0
con
----------------End of Script----------------

17:06:54 INFO  : Launch script is exported to file '/home/gabriel/Public/zybo_nn/sdk/.sdk/launch_scripts/xilinx_c-c++_application_(system_debugger)/system_debugger_using_debug_axi_test.elf_on_local.tcl'
17:07:30 INFO  : Disconnected from the channel tcfchan#2.
17:07:31 INFO  : 'targets -set -filter {jtag_cable_name =~ "Digilent Zybo 210279573416A" && level==0} -index 1' command is executed.
17:07:31 INFO  : 'fpga -state' command is executed.
17:07:31 INFO  : Connected to target on host '127.0.0.1' and port '3121'.
17:07:31 INFO  : Jtag cable 'Digilent Zybo 210279573416A' is selected.
17:07:31 INFO  : 'jtag frequency' command is executed.
17:07:31 INFO  : Sourcing of '/home/gabriel/Public/zybo_nn/sdk/design_1_wrapper_hw_platform_0/ps7_init.tcl' is done.
17:07:31 INFO  : Context for 'APU' is selected.
17:07:33 INFO  : Hardware design information is loaded from '/home/gabriel/Public/zybo_nn/sdk/design_1_wrapper_hw_platform_0/system.hdf'.
17:07:33 INFO  : 'configparams force-mem-access 1' command is executed.
17:07:33 INFO  : Context for 'APU' is selected.
17:07:33 INFO  : 'stop' command is executed.
17:07:34 INFO  : 'ps7_init' command is executed.
17:07:34 INFO  : 'ps7_post_config' command is executed.
17:07:34 INFO  : Context for processor 'ps7_cortexa9_0' is selected.
17:07:34 INFO  : Processor reset is completed for 'ps7_cortexa9_0'.
17:07:34 INFO  : Context for processor 'ps7_cortexa9_0' is selected.
17:07:34 INFO  : The application '/home/gabriel/Public/zybo_nn/sdk/axi_test/Debug/axi_test.elf' is downloaded to processor 'ps7_cortexa9_0'.
17:07:34 INFO  : 'configparams force-mem-access 0' command is executed.
17:07:34 INFO  : ----------------XSDB Script----------------
connect -url tcp:127.0.0.1:3121
source /home/gabriel/Public/zybo_nn/sdk/design_1_wrapper_hw_platform_0/ps7_init.tcl
targets -set -nocase -filter {name =~"APU*" && jtag_cable_name =~ "Digilent Zybo 210279573416A"} -index 0
loadhw -hw /home/gabriel/Public/zybo_nn/sdk/design_1_wrapper_hw_platform_0/system.hdf -mem-ranges [list {0x40000000 0xbfffffff}]
configparams force-mem-access 1
targets -set -nocase -filter {name =~"APU*" && jtag_cable_name =~ "Digilent Zybo 210279573416A"} -index 0
stop
ps7_init
ps7_post_config
targets -set -nocase -filter {name =~ "ARM*#0" && jtag_cable_name =~ "Digilent Zybo 210279573416A"} -index 0
rst -processor
targets -set -nocase -filter {name =~ "ARM*#0" && jtag_cable_name =~ "Digilent Zybo 210279573416A"} -index 0
dow /home/gabriel/Public/zybo_nn/sdk/axi_test/Debug/axi_test.elf
configparams force-mem-access 0
----------------End of Script----------------

17:07:35 INFO  : Memory regions updated for context APU
17:07:35 INFO  : Context for processor 'ps7_cortexa9_0' is selected.
17:07:35 INFO  : 'con' command is executed.
17:07:35 INFO  : ----------------XSDB Script (After Launch)----------------
targets -set -nocase -filter {name =~ "ARM*#0" && jtag_cable_name =~ "Digilent Zybo 210279573416A"} -index 0
con
----------------End of Script----------------

17:07:35 INFO  : Launch script is exported to file '/home/gabriel/Public/zybo_nn/sdk/.sdk/launch_scripts/xilinx_c-c++_application_(system_debugger)/system_debugger_using_debug_axi_test.elf_on_local.tcl'
17:09:24 WARN  : channel "tcfchan#1" closed
17:11:32 INFO  : Disconnected from the channel tcfchan#3.
17:12:12 INFO  : Registering command handlers for SDK TCF services
17:12:14 INFO  : Launching XSCT server: xsct -n -interactive /home/gabriel/Public/zybo_nn/sdk/temp_xsdb_launch_script.tcl
17:12:17 INFO  : XSCT server has started successfully.
17:12:17 INFO  : Successfully done setting XSCT server connection channel  
17:12:17 INFO  : Successfully done setting SDK workspace  
17:12:17 INFO  : Processing command line option -hwspec /home/gabriel/Public/zybo_nn/sdk/design_1_wrapper.hdf.
17:12:17 INFO  : Checking for hwspec changes in the project design_1_wrapper_hw_platform_0.
18:08:19 INFO  : Registering command handlers for SDK TCF services
18:08:21 INFO  : Launching XSCT server: xsct -n -interactive /home/gabriel/Public/zybo_nn/sdk/temp_xsdb_launch_script.tcl
18:08:24 INFO  : XSCT server has started successfully.
18:08:24 INFO  : Successfully done setting XSCT server connection channel  
18:08:24 INFO  : Successfully done setting SDK workspace  
18:08:24 INFO  : Processing command line option -hwspec /home/gabriel/Public/zybo_nn/sdk/design_1_wrapper.hdf.
18:08:24 INFO  : Checking for hwspec changes in the project design_1_wrapper_hw_platform_0.
